<?xml version="1.0" encoding="UTF-8"?>
<testsuite xmlns:xsi="http://www.w3.org/2001/XMLSchema-instance" xsi:noNamespaceSchemaLocation="https://maven.apache.org/surefire/maven-surefire-plugin/xsd/surefire-test-report-3.0.xsd" version="3.0" name="com.nexoqa.pact.PactConsumerContractTest" time="8.32" tests="5" errors="0" skipped="0" failures="0">
  <properties>
    <property name="gopherProxySet" value="false"/>
    <property name="awt.toolkit" value="sun.lwawt.macosx.LWCToolkit"/>
    <property name="file.encoding.pkg" value="sun.io"/>
    <property name="java.specification.version" value="1.8"/>
    <property name="sun.cpu.isalist" value=""/>
    <property name="sun.jnu.encoding" value="UTF-8"/>
    <property name="java.class.path" value="/Users/yc00043/nexoqa/nexoqa_training_eng_adv_contract_testing_pact/consumer-service/target/test-classes:/Users/yc00043/nexoqa/nexoqa_training_eng_adv_contract_testing_pact/consumer-service/target/classes:/Users/yc00043/.m2/repository/org/springframework/boot/spring-boot-starter-web/2.2.0.RELEASE/spring-boot-starter-web-2.2.0.RELEASE.jar:/Users/yc00043/.m2/repository/org/springframework/boot/spring-boot-starter/2.2.0.RELEASE/spring-boot-starter-2.2.0.RELEASE.jar:/Users/yc00043/.m2/repository/org/springframework/boot/spring-boot/2.2.0.RELEASE/spring-boot-2.2.0.RELEASE.jar:/Users/yc00043/.m2/repository/org/springframework/boot/spring-boot-autoconfigure/2.2.0.RELEASE/spring-boot-autoconfigure-2.2.0.RELEASE.jar:/Users/yc00043/.m2/repository/jakarta/annotation/jakarta.annotation-api/1.3.5/jakarta.annotation-api-1.3.5.jar:/Users/yc00043/.m2/repository/org/yaml/snakeyaml/1.25/snakeyaml-1.25.jar:/Users/yc00043/.m2/repository/org/springframework/boot/spring-boot-starter-json/2.2.0.RELEASE/spring-boot-starter-json-2.2.0.RELEASE.jar:/Users/yc00043/.m2/repository/com/fasterxml/jackson/core/jackson-databind/2.10.0/jackson-databind-2.10.0.jar:/Users/yc00043/.m2/repository/com/fasterxml/jackson/core/jackson-core/2.10.0/jackson-core-2.10.0.jar:/Users/yc00043/.m2/repository/com/fasterxml/jackson/datatype/jackson-datatype-jdk8/2.10.0/jackson-datatype-jdk8-2.10.0.jar:/Users/yc00043/.m2/repository/com/fasterxml/jackson/datatype/jackson-datatype-jsr310/2.10.0/jackson-datatype-jsr310-2.10.0.jar:/Users/yc00043/.m2/repository/com/fasterxml/jackson/module/jackson-module-parameter-names/2.10.0/jackson-module-parameter-names-2.10.0.jar:/Users/yc00043/.m2/repository/org/springframework/boot/spring-boot-starter-tomcat/2.2.0.RELEASE/spring-boot-starter-tomcat-2.2.0.RELEASE.jar:/Users/yc00043/.m2/repository/org/apache/tomcat/embed/tomcat-embed-core/9.0.27/tomcat-embed-core-9.0.27.jar:/Users/yc00043/.m2/repository/org/apache/tomcat/embed/tomcat-embed-el/9.0.27/tomcat-embed-el-9.0.27.jar:/Users/yc00043/.m2/repository/org/apache/tomcat/embed/tomcat-embed-websocket/9.0.27/tomcat-embed-websocket-9.0.27.jar:/Users/yc00043/.m2/repository/org/springframework/boot/spring-boot-starter-validation/2.2.0.RELEASE/spring-boot-starter-validation-2.2.0.RELEASE.jar:/Users/yc00043/.m2/repository/jakarta/validation/jakarta.validation-api/2.0.1/jakarta.validation-api-2.0.1.jar:/Users/yc00043/.m2/repository/org/hibernate/validator/hibernate-validator/6.0.17.Final/hibernate-validator-6.0.17.Final.jar:/Users/yc00043/.m2/repository/org/jboss/logging/jboss-logging/3.4.1.Final/jboss-logging-3.4.1.Final.jar:/Users/yc00043/.m2/repository/org/springframework/spring-web/5.2.0.RELEASE/spring-web-5.2.0.RELEASE.jar:/Users/yc00043/.m2/repository/org/springframework/spring-beans/5.2.0.RELEASE/spring-beans-5.2.0.RELEASE.jar:/Users/yc00043/.m2/repository/org/springframework/spring-webmvc/5.2.0.RELEASE/spring-webmvc-5.2.0.RELEASE.jar:/Users/yc00043/.m2/repository/org/springframework/spring-aop/5.2.0.RELEASE/spring-aop-5.2.0.RELEASE.jar:/Users/yc00043/.m2/repository/org/springframework/spring-context/5.2.0.RELEASE/spring-context-5.2.0.RELEASE.jar:/Users/yc00043/.m2/repository/org/springframework/spring-expression/5.2.0.RELEASE/spring-expression-5.2.0.RELEASE.jar:/Users/yc00043/.m2/repository/org/springframework/boot/spring-boot-starter-test/2.2.0.RELEASE/spring-boot-starter-test-2.2.0.RELEASE.jar:/Users/yc00043/.m2/repository/org/springframework/boot/spring-boot-test/2.2.0.RELEASE/spring-boot-test-2.2.0.RELEASE.jar:/Users/yc00043/.m2/repository/org/springframework/boot/spring-boot-test-autoconfigure/2.2.0.RELEASE/spring-boot-test-autoconfigure-2.2.0.RELEASE.jar:/Users/yc00043/.m2/repository/com/jayway/jsonpath/json-path/2.4.0/json-path-2.4.0.jar:/Users/yc00043/.m2/repository/net/minidev/json-smart/2.3/json-smart-2.3.jar:/Users/yc00043/.m2/repository/net/minidev/accessors-smart/1.2/accessors-smart-1.2.jar:/Users/yc00043/.m2/repository/org/ow2/asm/asm/5.0.4/asm-5.0.4.jar:/Users/yc00043/.m2/repository/jakarta/xml/bind/jakarta.xml.bind-api/2.3.2/jakarta.xml.bind-api-2.3.2.jar:/Users/yc00043/.m2/repository/jakarta/activation/jakarta.activation-api/1.2.1/jakarta.activation-api-1.2.1.jar:/Users/yc00043/.m2/repository/org/junit/jupiter/junit-jupiter/5.5.2/junit-jupiter-5.5.2.jar:/Users/yc00043/.m2/repository/org/junit/jupiter/junit-jupiter-api/5.5.2/junit-jupiter-api-5.5.2.jar:/Users/yc00043/.m2/repository/org/opentest4j/opentest4j/1.2.0/opentest4j-1.2.0.jar:/Users/yc00043/.m2/repository/org/junit/platform/junit-platform-commons/1.5.2/junit-platform-commons-1.5.2.jar:/Users/yc00043/.m2/repository/org/junit/jupiter/junit-jupiter-params/5.5.2/junit-jupiter-params-5.5.2.jar:/Users/yc00043/.m2/repository/org/junit/jupiter/junit-jupiter-engine/5.5.2/junit-jupiter-engine-5.5.2.jar:/Users/yc00043/.m2/repository/org/junit/vintage/junit-vintage-engine/5.5.2/junit-vintage-engine-5.5.2.jar:/Users/yc00043/.m2/repository/org/apiguardian/apiguardian-api/1.1.0/apiguardian-api-1.1.0.jar:/Users/yc00043/.m2/repository/org/junit/platform/junit-platform-engine/1.5.2/junit-platform-engine-1.5.2.jar:/Users/yc00043/.m2/repository/org/mockito/mockito-junit-jupiter/3.1.0/mockito-junit-jupiter-3.1.0.jar:/Users/yc00043/.m2/repository/org/hamcrest/hamcrest/2.1/hamcrest-2.1.jar:/Users/yc00043/.m2/repository/org/mockito/mockito-core/3.1.0/mockito-core-3.1.0.jar:/Users/yc00043/.m2/repository/net/bytebuddy/byte-buddy/1.10.1/byte-buddy-1.10.1.jar:/Users/yc00043/.m2/repository/net/bytebuddy/byte-buddy-agent/1.10.1/byte-buddy-agent-1.10.1.jar:/Users/yc00043/.m2/repository/org/objenesis/objenesis/2.6/objenesis-2.6.jar:/Users/yc00043/.m2/repository/org/skyscreamer/jsonassert/1.5.0/jsonassert-1.5.0.jar:/Users/yc00043/.m2/repository/org/springframework/spring-core/5.2.0.RELEASE/spring-core-5.2.0.RELEASE.jar:/Users/yc00043/.m2/repository/org/springframework/spring-jcl/5.2.0.RELEASE/spring-jcl-5.2.0.RELEASE.jar:/Users/yc00043/.m2/repository/org/springframework/spring-test/5.2.0.RELEASE/spring-test-5.2.0.RELEASE.jar:/Users/yc00043/.m2/repository/org/xmlunit/xmlunit-core/2.6.3/xmlunit-core-2.6.3.jar:/Users/yc00043/.m2/repository/org/springframework/boot/spring-boot-starter-actuator/2.2.0.RELEASE/spring-boot-starter-actuator-2.2.0.RELEASE.jar:/Users/yc00043/.m2/repository/org/springframework/boot/spring-boot-actuator-autoconfigure/2.2.0.RELEASE/spring-boot-actuator-autoconfigure-2.2.0.RELEASE.jar:/Users/yc00043/.m2/repository/org/springframework/boot/spring-boot-actuator/2.2.0.RELEASE/spring-boot-actuator-2.2.0.RELEASE.jar:/Users/yc00043/.m2/repository/io/micrometer/micrometer-core/1.3.0/micrometer-core-1.3.0.jar:/Users/yc00043/.m2/repository/org/hdrhistogram/HdrHistogram/2.1.11/HdrHistogram-2.1.11.jar:/Users/yc00043/.m2/repository/org/latencyutils/LatencyUtils/2.0.3/LatencyUtils-2.0.3.jar:/Users/yc00043/.m2/repository/io/springfox/springfox-swagger-ui/2.7.0/springfox-swagger-ui-2.7.0.jar:/Users/yc00043/.m2/repository/io/springfox/springfox-spring-web/2.7.0/springfox-spring-web-2.7.0.jar:/Users/yc00043/.m2/repository/org/reflections/reflections/0.9.11/reflections-0.9.11.jar:/Users/yc00043/.m2/repository/org/javassist/javassist/3.21.0-GA/javassist-3.21.0-GA.jar:/Users/yc00043/.m2/repository/io/springfox/springfox-swagger2/2.7.0/springfox-swagger2-2.7.0.jar:/Users/yc00043/.m2/repository/io/swagger/swagger-annotations/1.5.13/swagger-annotations-1.5.13.jar:/Users/yc00043/.m2/repository/io/swagger/swagger-models/1.5.13/swagger-models-1.5.13.jar:/Users/yc00043/.m2/repository/com/fasterxml/jackson/core/jackson-annotations/2.10.0/jackson-annotations-2.10.0.jar:/Users/yc00043/.m2/repository/io/springfox/springfox-spi/2.7.0/springfox-spi-2.7.0.jar:/Users/yc00043/.m2/repository/io/springfox/springfox-core/2.7.0/springfox-core-2.7.0.jar:/Users/yc00043/.m2/repository/io/springfox/springfox-schema/2.7.0/springfox-schema-2.7.0.jar:/Users/yc00043/.m2/repository/io/springfox/springfox-swagger-common/2.7.0/springfox-swagger-common-2.7.0.jar:/Users/yc00043/.m2/repository/com/google/guava/guava/18.0/guava-18.0.jar:/Users/yc00043/.m2/repository/com/fasterxml/classmate/1.5.0/classmate-1.5.0.jar:/Users/yc00043/.m2/repository/org/slf4j/slf4j-api/1.7.28/slf4j-api-1.7.28.jar:/Users/yc00043/.m2/repository/org/springframework/plugin/spring-plugin-core/1.2.0.RELEASE/spring-plugin-core-1.2.0.RELEASE.jar:/Users/yc00043/.m2/repository/org/springframework/plugin/spring-plugin-metadata/1.2.0.RELEASE/spring-plugin-metadata-1.2.0.RELEASE.jar:/Users/yc00043/.m2/repository/org/mapstruct/mapstruct/1.1.0.Final/mapstruct-1.1.0.Final.jar:/Users/yc00043/.m2/repository/org/projectlombok/lombok/1.18.4/lombok-1.18.4.jar:/Users/yc00043/.m2/repository/org/apache/commons/commons-lang3/3.9/commons-lang3-3.9.jar:/Users/yc00043/.m2/repository/org/springframework/boot/spring-boot-starter-log4j2/2.2.0.RELEASE/spring-boot-starter-log4j2-2.2.0.RELEASE.jar:/Users/yc00043/.m2/repository/org/apache/logging/log4j/log4j-slf4j-impl/2.12.1/log4j-slf4j-impl-2.12.1.jar:/Users/yc00043/.m2/repository/org/apache/logging/log4j/log4j-api/2.12.1/log4j-api-2.12.1.jar:/Users/yc00043/.m2/repository/org/apache/logging/log4j/log4j-core/2.12.1/log4j-core-2.12.1.jar:/Users/yc00043/.m2/repository/org/apache/logging/log4j/log4j-jul/2.12.1/log4j-jul-2.12.1.jar:/Users/yc00043/.m2/repository/org/slf4j/jul-to-slf4j/1.7.28/jul-to-slf4j-1.7.28.jar:/Users/yc00043/.m2/repository/au/com/dius/pact-jvm-consumer-junit/4.0.2/pact-jvm-consumer-junit-4.0.2.jar:/Users/yc00043/.m2/repository/au/com/dius/pact-jvm-consumer/4.0.2/pact-jvm-consumer-4.0.2.jar:/Users/yc00043/.m2/repository/com/googlecode/java-diff-utils/diffutils/1.3.0/diffutils-1.3.0.jar:/Users/yc00043/.m2/repository/dk/brics/automaton/automaton/1.11-8/automaton-1.11-8.jar:/Users/yc00043/.m2/repository/org/apache/httpcomponents/httpclient/4.5.10/httpclient-4.5.10.jar:/Users/yc00043/.m2/repository/org/apache/httpcomponents/httpcore/4.4.12/httpcore-4.4.12.jar:/Users/yc00043/.m2/repository/commons-codec/commons-codec/1.13/commons-codec-1.13.jar:/Users/yc00043/.m2/repository/io/netty/netty-handler/4.1.42.Final/netty-handler-4.1.42.Final.jar:/Users/yc00043/.m2/repository/io/netty/netty-common/4.1.42.Final/netty-common-4.1.42.Final.jar:/Users/yc00043/.m2/repository/io/netty/netty-buffer/4.1.42.Final/netty-buffer-4.1.42.Final.jar:/Users/yc00043/.m2/repository/io/netty/netty-transport/4.1.42.Final/netty-transport-4.1.42.Final.jar:/Users/yc00043/.m2/repository/io/netty/netty-resolver/4.1.42.Final/netty-resolver-4.1.42.Final.jar:/Users/yc00043/.m2/repository/io/netty/netty-codec/4.1.42.Final/netty-codec-4.1.42.Final.jar:/Users/yc00043/.m2/repository/org/apache/httpcomponents/httpmime/4.5.10/httpmime-4.5.10.jar:/Users/yc00043/.m2/repository/org/apache/httpcomponents/fluent-hc/4.5.10/fluent-hc-4.5.10.jar:/Users/yc00043/.m2/repository/commons-logging/commons-logging/1.2/commons-logging-1.2.jar:/Users/yc00043/.m2/repository/au/com/dius/pact-jvm-core-model/4.0.2/pact-jvm-core-model-4.0.2.jar:/Users/yc00043/.m2/repository/com/github/zafarkhaja/java-semver/0.9.0/java-semver-0.9.0.jar:/Users/yc00043/.m2/repository/org/apache/commons/commons-collections4/4.1/commons-collections4-4.1.jar:/Users/yc00043/.m2/repository/com/github/mifmif/generex/1.0.2/generex-1.0.2.jar:/Users/yc00043/.m2/repository/javax/mail/mail/1.5.0-b01/mail-1.5.0-b01.jar:/Users/yc00043/.m2/repository/javax/activation/activation/1.1/activation-1.1.jar:/Users/yc00043/.m2/repository/org/jetbrains/kotlin/kotlin-reflect/1.3.50/kotlin-reflect-1.3.50.jar:/Users/yc00043/.m2/repository/au/com/dius/pact-jvm-core-support/4.0.2/pact-jvm-core-support-4.0.2.jar:/Users/yc00043/.m2/repository/org/antlr/antlr4/4.7.2/antlr4-4.7.2.jar:/Users/yc00043/.m2/repository/org/antlr/antlr4-runtime/4.7.2/antlr4-runtime-4.7.2.jar:/Users/yc00043/.m2/repository/org/antlr/antlr-runtime/3.5.2/antlr-runtime-3.5.2.jar:/Users/yc00043/.m2/repository/org/antlr/ST4/4.1/ST4-4.1.jar:/Users/yc00043/.m2/repository/org/abego/treelayout/org.abego.treelayout.core/1.0.3/org.abego.treelayout.core-1.0.3.jar:/Users/yc00043/.m2/repository/org/glassfish/javax.json/1.0.4/javax.json-1.0.4.jar:/Users/yc00043/.m2/repository/com/ibm/icu/icu4j/61.1/icu4j-61.1.jar:/Users/yc00043/.m2/repository/io/github/microutils/kotlin-logging/1.6.26/kotlin-logging-1.6.26.jar:/Users/yc00043/.m2/repository/io/github/microutils/kotlin-logging-common/1.6.26/kotlin-logging-common-1.6.26.jar:/Users/yc00043/.m2/repository/com/google/code/findbugs/jsr305/3.0.2/jsr305-3.0.2.jar:/Users/yc00043/.m2/repository/au/com/dius/pact-jvm-core-pact-broker/4.0.2/pact-jvm-core-pact-broker-4.0.2.jar:/Users/yc00043/.m2/repository/org/dmfs/rfc3986-uri/0.8/rfc3986-uri-0.8.jar:/Users/yc00043/.m2/repository/org/dmfs/iterators/1.5/iterators-1.5.jar:/Users/yc00043/.m2/repository/org/dmfs/optional/0.3/optional-0.3.jar:/Users/yc00043/.m2/repository/com/amazonaws/aws-java-sdk-s3/1.11.587/aws-java-sdk-s3-1.11.587.jar:/Users/yc00043/.m2/repository/com/amazonaws/aws-java-sdk-kms/1.11.587/aws-java-sdk-kms-1.11.587.jar:/Users/yc00043/.m2/repository/com/amazonaws/aws-java-sdk-core/1.11.587/aws-java-sdk-core-1.11.587.jar:/Users/yc00043/.m2/repository/software/amazon/ion/ion-java/1.0.2/ion-java-1.0.2.jar:/Users/yc00043/.m2/repository/com/fasterxml/jackson/dataformat/jackson-dataformat-cbor/2.10.0/jackson-dataformat-cbor-2.10.0.jar:/Users/yc00043/.m2/repository/joda-time/joda-time/2.10.4/joda-time-2.10.4.jar:/Users/yc00043/.m2/repository/com/amazonaws/jmespath-java/1.11.587/jmespath-java-1.11.587.jar:/Users/yc00043/.m2/repository/com/github/salomonbrys/kotson/kotson/2.5.0/kotson-2.5.0.jar:/Users/yc00043/.m2/repository/au/com/dius/pact-jvm-core-matchers/4.0.2/pact-jvm-core-matchers-4.0.2.jar:/Users/yc00043/.m2/repository/xerces/xercesImpl/2.9.1/xercesImpl-2.9.1.jar:/Users/yc00043/.m2/repository/xml-apis/xml-apis/1.3.04/xml-apis-1.3.04.jar:/Users/yc00043/.m2/repository/org/atteo/evo-inflector/1.2.2/evo-inflector-1.2.2.jar:/Users/yc00043/.m2/repository/io/ktor/ktor-server-netty/1.1.4/ktor-server-netty-1.1.4.jar:/Users/yc00043/.m2/repository/org/jetbrains/kotlin/kotlin-stdlib/1.3.50/kotlin-stdlib-1.3.50.jar:/Users/yc00043/.m2/repository/org/jetbrains/kotlin/kotlin-stdlib-common/1.3.50/kotlin-stdlib-common-1.3.50.jar:/Users/yc00043/.m2/repository/org/jetbrains/annotations/13.0/annotations-13.0.jar:/Users/yc00043/.m2/repository/org/jetbrains/kotlin/kotlin-stdlib-jdk7/1.3.50/kotlin-stdlib-jdk7-1.3.50.jar:/Users/yc00043/.m2/repository/org/jetbrains/kotlin/kotlin-stdlib-jdk8/1.3.50/kotlin-stdlib-jdk8-1.3.50.jar:/Users/yc00043/.m2/repository/org/jetbrains/kotlinx/atomicfu/0.12.3/atomicfu-0.12.3.jar:/Users/yc00043/.m2/repository/com/typesafe/config/1.3.1/config-1.3.1.jar:/Users/yc00043/.m2/repository/org/jetbrains/kotlinx/kotlinx-coroutines-jdk8/1.3.2/kotlinx-coroutines-jdk8-1.3.2.jar:/Users/yc00043/.m2/repository/org/jetbrains/kotlinx/kotlinx-coroutines-core/1.3.2/kotlinx-coroutines-core-1.3.2.jar:/Users/yc00043/.m2/repository/org/jetbrains/kotlinx/kotlinx-io-jvm/0.1.8/kotlinx-io-jvm-0.1.8.jar:/Users/yc00043/.m2/repository/org/jetbrains/kotlinx/atomicfu-common/0.12.3/atomicfu-common-0.12.3.jar:/Users/yc00043/.m2/repository/org/jetbrains/kotlinx/kotlinx-io/0.1.8/kotlinx-io-0.1.8.jar:/Users/yc00043/.m2/repository/org/jetbrains/kotlinx/kotlinx-coroutines-io-jvm/0.1.8/kotlinx-coroutines-io-jvm-0.1.8.jar:/Users/yc00043/.m2/repository/org/jetbrains/kotlinx/kotlinx-coroutines-core-common/1.3.2/kotlinx-coroutines-core-common-1.3.2.jar:/Users/yc00043/.m2/repository/org/jetbrains/kotlinx/kotlinx-coroutines-io/0.1.8/kotlinx-coroutines-io-0.1.8.jar:/Users/yc00043/.m2/repository/io/ktor/ktor-server-host-common/1.1.4/ktor-server-host-common-1.1.4.jar:/Users/yc00043/.m2/repository/io/ktor/ktor-server-core/1.1.4/ktor-server-core-1.1.4.jar:/Users/yc00043/.m2/repository/io/netty/netty-codec-http2/4.1.42.Final/netty-codec-http2-4.1.42.Final.jar:/Users/yc00043/.m2/repository/io/netty/netty-codec-http/4.1.42.Final/netty-codec-http-4.1.42.Final.jar:/Users/yc00043/.m2/repository/org/eclipse/jetty/alpn/alpn-api/1.1.3.v20160715/alpn-api-1.1.3.v20160715.jar:/Users/yc00043/.m2/repository/io/ktor/ktor-network-tls/1.1.4/ktor-network-tls-1.1.4.jar:/Users/yc00043/.m2/repository/io/ktor/ktor-network/1.1.4/ktor-network-1.1.4.jar:/Users/yc00043/.m2/repository/io/ktor/ktor-utils-jvm/1.1.4/ktor-utils-jvm-1.1.4.jar:/Users/yc00043/.m2/repository/io/ktor/ktor-http-cio/1.1.4/ktor-http-cio-1.1.4.jar:/Users/yc00043/.m2/repository/io/ktor/ktor-http-jvm/1.1.4/ktor-http-jvm-1.1.4.jar:/Users/yc00043/.m2/repository/junit/junit/4.12/junit-4.12.jar:/Users/yc00043/.m2/repository/org/hamcrest/hamcrest-core/2.1/hamcrest-core-2.1.jar:/Users/yc00043/.m2/repository/org/json/json/20160212/json-20160212.jar:/Users/yc00043/.m2/repository/org/assertj/assertj-core/3.14.0/assertj-core-3.14.0.jar:/Users/yc00043/.m2/repository/com/google/code/gson/gson/2.8.6/gson-2.8.6.jar:"/>
    <property name="java.vm.vendor" value="Oracle Corporation"/>
    <property name="sun.arch.data.model" value="64"/>
    <property name="java.vendor.url" value="http://java.oracle.com/"/>
    <property name="user.timezone" value=""/>
    <property name="java.vm.specification.version" value="1.8"/>
    <property name="os.name" value="Mac OS X"/>
    <property name="user.country" value="ES"/>
    <property name="sun.java.launcher" value="SUN_STANDARD"/>
    <property name="sun.boot.library.path" value="/Library/Java/JavaVirtualMachines/jdk1.8.0_161.jdk/Contents/Home/jre/lib"/>
    <property name="sun.java.command" value="/Users/yc00043/nexoqa/nexoqa_training_eng_adv_contract_testing_pact/consumer-service/target/surefire/surefirebooter6680737403092253372.jar /Users/yc00043/nexoqa/nexoqa_training_eng_adv_contract_testing_pact/consumer-service/target/surefire 2022-04-25T12-56-45_636-jvmRun1 surefire1586431834922898614tmp surefire_07949921219970480453tmp"/>
    <property name="surefire.test.class.path" value="/Users/yc00043/nexoqa/nexoqa_training_eng_adv_contract_testing_pact/consumer-service/target/test-classes:/Users/yc00043/nexoqa/nexoqa_training_eng_adv_contract_testing_pact/consumer-service/target/classes:/Users/yc00043/.m2/repository/org/springframework/boot/spring-boot-starter-web/2.2.0.RELEASE/spring-boot-starter-web-2.2.0.RELEASE.jar:/Users/yc00043/.m2/repository/org/springframework/boot/spring-boot-starter/2.2.0.RELEASE/spring-boot-starter-2.2.0.RELEASE.jar:/Users/yc00043/.m2/repository/org/springframework/boot/spring-boot/2.2.0.RELEASE/spring-boot-2.2.0.RELEASE.jar:/Users/yc00043/.m2/repository/org/springframework/boot/spring-boot-autoconfigure/2.2.0.RELEASE/spring-boot-autoconfigure-2.2.0.RELEASE.jar:/Users/yc00043/.m2/repository/jakarta/annotation/jakarta.annotation-api/1.3.5/jakarta.annotation-api-1.3.5.jar:/Users/yc00043/.m2/repository/org/yaml/snakeyaml/1.25/snakeyaml-1.25.jar:/Users/yc00043/.m2/repository/org/springframework/boot/spring-boot-starter-json/2.2.0.RELEASE/spring-boot-starter-json-2.2.0.RELEASE.jar:/Users/yc00043/.m2/repository/com/fasterxml/jackson/core/jackson-databind/2.10.0/jackson-databind-2.10.0.jar:/Users/yc00043/.m2/repository/com/fasterxml/jackson/core/jackson-core/2.10.0/jackson-core-2.10.0.jar:/Users/yc00043/.m2/repository/com/fasterxml/jackson/datatype/jackson-datatype-jdk8/2.10.0/jackson-datatype-jdk8-2.10.0.jar:/Users/yc00043/.m2/repository/com/fasterxml/jackson/datatype/jackson-datatype-jsr310/2.10.0/jackson-datatype-jsr310-2.10.0.jar:/Users/yc00043/.m2/repository/com/fasterxml/jackson/module/jackson-module-parameter-names/2.10.0/jackson-module-parameter-names-2.10.0.jar:/Users/yc00043/.m2/repository/org/springframework/boot/spring-boot-starter-tomcat/2.2.0.RELEASE/spring-boot-starter-tomcat-2.2.0.RELEASE.jar:/Users/yc00043/.m2/repository/org/apache/tomcat/embed/tomcat-embed-core/9.0.27/tomcat-embed-core-9.0.27.jar:/Users/yc00043/.m2/repository/org/apache/tomcat/embed/tomcat-embed-el/9.0.27/tomcat-embed-el-9.0.27.jar:/Users/yc00043/.m2/repository/org/apache/tomcat/embed/tomcat-embed-websocket/9.0.27/tomcat-embed-websocket-9.0.27.jar:/Users/yc00043/.m2/repository/org/springframework/boot/spring-boot-starter-validation/2.2.0.RELEASE/spring-boot-starter-validation-2.2.0.RELEASE.jar:/Users/yc00043/.m2/repository/jakarta/validation/jakarta.validation-api/2.0.1/jakarta.validation-api-2.0.1.jar:/Users/yc00043/.m2/repository/org/hibernate/validator/hibernate-validator/6.0.17.Final/hibernate-validator-6.0.17.Final.jar:/Users/yc00043/.m2/repository/org/jboss/logging/jboss-logging/3.4.1.Final/jboss-logging-3.4.1.Final.jar:/Users/yc00043/.m2/repository/org/springframework/spring-web/5.2.0.RELEASE/spring-web-5.2.0.RELEASE.jar:/Users/yc00043/.m2/repository/org/springframework/spring-beans/5.2.0.RELEASE/spring-beans-5.2.0.RELEASE.jar:/Users/yc00043/.m2/repository/org/springframework/spring-webmvc/5.2.0.RELEASE/spring-webmvc-5.2.0.RELEASE.jar:/Users/yc00043/.m2/repository/org/springframework/spring-aop/5.2.0.RELEASE/spring-aop-5.2.0.RELEASE.jar:/Users/yc00043/.m2/repository/org/springframework/spring-context/5.2.0.RELEASE/spring-context-5.2.0.RELEASE.jar:/Users/yc00043/.m2/repository/org/springframework/spring-expression/5.2.0.RELEASE/spring-expression-5.2.0.RELEASE.jar:/Users/yc00043/.m2/repository/org/springframework/boot/spring-boot-starter-test/2.2.0.RELEASE/spring-boot-starter-test-2.2.0.RELEASE.jar:/Users/yc00043/.m2/repository/org/springframework/boot/spring-boot-test/2.2.0.RELEASE/spring-boot-test-2.2.0.RELEASE.jar:/Users/yc00043/.m2/repository/org/springframework/boot/spring-boot-test-autoconfigure/2.2.0.RELEASE/spring-boot-test-autoconfigure-2.2.0.RELEASE.jar:/Users/yc00043/.m2/repository/com/jayway/jsonpath/json-path/2.4.0/json-path-2.4.0.jar:/Users/yc00043/.m2/repository/net/minidev/json-smart/2.3/json-smart-2.3.jar:/Users/yc00043/.m2/repository/net/minidev/accessors-smart/1.2/accessors-smart-1.2.jar:/Users/yc00043/.m2/repository/org/ow2/asm/asm/5.0.4/asm-5.0.4.jar:/Users/yc00043/.m2/repository/jakarta/xml/bind/jakarta.xml.bind-api/2.3.2/jakarta.xml.bind-api-2.3.2.jar:/Users/yc00043/.m2/repository/jakarta/activation/jakarta.activation-api/1.2.1/jakarta.activation-api-1.2.1.jar:/Users/yc00043/.m2/repository/org/junit/jupiter/junit-jupiter/5.5.2/junit-jupiter-5.5.2.jar:/Users/yc00043/.m2/repository/org/junit/jupiter/junit-jupiter-api/5.5.2/junit-jupiter-api-5.5.2.jar:/Users/yc00043/.m2/repository/org/opentest4j/opentest4j/1.2.0/opentest4j-1.2.0.jar:/Users/yc00043/.m2/repository/org/junit/platform/junit-platform-commons/1.5.2/junit-platform-commons-1.5.2.jar:/Users/yc00043/.m2/repository/org/junit/jupiter/junit-jupiter-params/5.5.2/junit-jupiter-params-5.5.2.jar:/Users/yc00043/.m2/repository/org/junit/jupiter/junit-jupiter-engine/5.5.2/junit-jupiter-engine-5.5.2.jar:/Users/yc00043/.m2/repository/org/junit/vintage/junit-vintage-engine/5.5.2/junit-vintage-engine-5.5.2.jar:/Users/yc00043/.m2/repository/org/apiguardian/apiguardian-api/1.1.0/apiguardian-api-1.1.0.jar:/Users/yc00043/.m2/repository/org/junit/platform/junit-platform-engine/1.5.2/junit-platform-engine-1.5.2.jar:/Users/yc00043/.m2/repository/org/mockito/mockito-junit-jupiter/3.1.0/mockito-junit-jupiter-3.1.0.jar:/Users/yc00043/.m2/repository/org/hamcrest/hamcrest/2.1/hamcrest-2.1.jar:/Users/yc00043/.m2/repository/org/mockito/mockito-core/3.1.0/mockito-core-3.1.0.jar:/Users/yc00043/.m2/repository/net/bytebuddy/byte-buddy/1.10.1/byte-buddy-1.10.1.jar:/Users/yc00043/.m2/repository/net/bytebuddy/byte-buddy-agent/1.10.1/byte-buddy-agent-1.10.1.jar:/Users/yc00043/.m2/repository/org/objenesis/objenesis/2.6/objenesis-2.6.jar:/Users/yc00043/.m2/repository/org/skyscreamer/jsonassert/1.5.0/jsonassert-1.5.0.jar:/Users/yc00043/.m2/repository/org/springframework/spring-core/5.2.0.RELEASE/spring-core-5.2.0.RELEASE.jar:/Users/yc00043/.m2/repository/org/springframework/spring-jcl/5.2.0.RELEASE/spring-jcl-5.2.0.RELEASE.jar:/Users/yc00043/.m2/repository/org/springframework/spring-test/5.2.0.RELEASE/spring-test-5.2.0.RELEASE.jar:/Users/yc00043/.m2/repository/org/xmlunit/xmlunit-core/2.6.3/xmlunit-core-2.6.3.jar:/Users/yc00043/.m2/repository/org/springframework/boot/spring-boot-starter-actuator/2.2.0.RELEASE/spring-boot-starter-actuator-2.2.0.RELEASE.jar:/Users/yc00043/.m2/repository/org/springframework/boot/spring-boot-actuator-autoconfigure/2.2.0.RELEASE/spring-boot-actuator-autoconfigure-2.2.0.RELEASE.jar:/Users/yc00043/.m2/repository/org/springframework/boot/spring-boot-actuator/2.2.0.RELEASE/spring-boot-actuator-2.2.0.RELEASE.jar:/Users/yc00043/.m2/repository/io/micrometer/micrometer-core/1.3.0/micrometer-core-1.3.0.jar:/Users/yc00043/.m2/repository/org/hdrhistogram/HdrHistogram/2.1.11/HdrHistogram-2.1.11.jar:/Users/yc00043/.m2/repository/org/latencyutils/LatencyUtils/2.0.3/LatencyUtils-2.0.3.jar:/Users/yc00043/.m2/repository/io/springfox/springfox-swagger-ui/2.7.0/springfox-swagger-ui-2.7.0.jar:/Users/yc00043/.m2/repository/io/springfox/springfox-spring-web/2.7.0/springfox-spring-web-2.7.0.jar:/Users/yc00043/.m2/repository/org/reflections/reflections/0.9.11/reflections-0.9.11.jar:/Users/yc00043/.m2/repository/org/javassist/javassist/3.21.0-GA/javassist-3.21.0-GA.jar:/Users/yc00043/.m2/repository/io/springfox/springfox-swagger2/2.7.0/springfox-swagger2-2.7.0.jar:/Users/yc00043/.m2/repository/io/swagger/swagger-annotations/1.5.13/swagger-annotations-1.5.13.jar:/Users/yc00043/.m2/repository/io/swagger/swagger-models/1.5.13/swagger-models-1.5.13.jar:/Users/yc00043/.m2/repository/com/fasterxml/jackson/core/jackson-annotations/2.10.0/jackson-annotations-2.10.0.jar:/Users/yc00043/.m2/repository/io/springfox/springfox-spi/2.7.0/springfox-spi-2.7.0.jar:/Users/yc00043/.m2/repository/io/springfox/springfox-core/2.7.0/springfox-core-2.7.0.jar:/Users/yc00043/.m2/repository/io/springfox/springfox-schema/2.7.0/springfox-schema-2.7.0.jar:/Users/yc00043/.m2/repository/io/springfox/springfox-swagger-common/2.7.0/springfox-swagger-common-2.7.0.jar:/Users/yc00043/.m2/repository/com/google/guava/guava/18.0/guava-18.0.jar:/Users/yc00043/.m2/repository/com/fasterxml/classmate/1.5.0/classmate-1.5.0.jar:/Users/yc00043/.m2/repository/org/slf4j/slf4j-api/1.7.28/slf4j-api-1.7.28.jar:/Users/yc00043/.m2/repository/org/springframework/plugin/spring-plugin-core/1.2.0.RELEASE/spring-plugin-core-1.2.0.RELEASE.jar:/Users/yc00043/.m2/repository/org/springframework/plugin/spring-plugin-metadata/1.2.0.RELEASE/spring-plugin-metadata-1.2.0.RELEASE.jar:/Users/yc00043/.m2/repository/org/mapstruct/mapstruct/1.1.0.Final/mapstruct-1.1.0.Final.jar:/Users/yc00043/.m2/repository/org/projectlombok/lombok/1.18.4/lombok-1.18.4.jar:/Users/yc00043/.m2/repository/org/apache/commons/commons-lang3/3.9/commons-lang3-3.9.jar:/Users/yc00043/.m2/repository/org/springframework/boot/spring-boot-starter-log4j2/2.2.0.RELEASE/spring-boot-starter-log4j2-2.2.0.RELEASE.jar:/Users/yc00043/.m2/repository/org/apache/logging/log4j/log4j-slf4j-impl/2.12.1/log4j-slf4j-impl-2.12.1.jar:/Users/yc00043/.m2/repository/org/apache/logging/log4j/log4j-api/2.12.1/log4j-api-2.12.1.jar:/Users/yc00043/.m2/repository/org/apache/logging/log4j/log4j-core/2.12.1/log4j-core-2.12.1.jar:/Users/yc00043/.m2/repository/org/apache/logging/log4j/log4j-jul/2.12.1/log4j-jul-2.12.1.jar:/Users/yc00043/.m2/repository/org/slf4j/jul-to-slf4j/1.7.28/jul-to-slf4j-1.7.28.jar:/Users/yc00043/.m2/repository/au/com/dius/pact-jvm-consumer-junit/4.0.2/pact-jvm-consumer-junit-4.0.2.jar:/Users/yc00043/.m2/repository/au/com/dius/pact-jvm-consumer/4.0.2/pact-jvm-consumer-4.0.2.jar:/Users/yc00043/.m2/repository/com/googlecode/java-diff-utils/diffutils/1.3.0/diffutils-1.3.0.jar:/Users/yc00043/.m2/repository/dk/brics/automaton/automaton/1.11-8/automaton-1.11-8.jar:/Users/yc00043/.m2/repository/org/apache/httpcomponents/httpclient/4.5.10/httpclient-4.5.10.jar:/Users/yc00043/.m2/repository/org/apache/httpcomponents/httpcore/4.4.12/httpcore-4.4.12.jar:/Users/yc00043/.m2/repository/commons-codec/commons-codec/1.13/commons-codec-1.13.jar:/Users/yc00043/.m2/repository/io/netty/netty-handler/4.1.42.Final/netty-handler-4.1.42.Final.jar:/Users/yc00043/.m2/repository/io/netty/netty-common/4.1.42.Final/netty-common-4.1.42.Final.jar:/Users/yc00043/.m2/repository/io/netty/netty-buffer/4.1.42.Final/netty-buffer-4.1.42.Final.jar:/Users/yc00043/.m2/repository/io/netty/netty-transport/4.1.42.Final/netty-transport-4.1.42.Final.jar:/Users/yc00043/.m2/repository/io/netty/netty-resolver/4.1.42.Final/netty-resolver-4.1.42.Final.jar:/Users/yc00043/.m2/repository/io/netty/netty-codec/4.1.42.Final/netty-codec-4.1.42.Final.jar:/Users/yc00043/.m2/repository/org/apache/httpcomponents/httpmime/4.5.10/httpmime-4.5.10.jar:/Users/yc00043/.m2/repository/org/apache/httpcomponents/fluent-hc/4.5.10/fluent-hc-4.5.10.jar:/Users/yc00043/.m2/repository/commons-logging/commons-logging/1.2/commons-logging-1.2.jar:/Users/yc00043/.m2/repository/au/com/dius/pact-jvm-core-model/4.0.2/pact-jvm-core-model-4.0.2.jar:/Users/yc00043/.m2/repository/com/github/zafarkhaja/java-semver/0.9.0/java-semver-0.9.0.jar:/Users/yc00043/.m2/repository/org/apache/commons/commons-collections4/4.1/commons-collections4-4.1.jar:/Users/yc00043/.m2/repository/com/github/mifmif/generex/1.0.2/generex-1.0.2.jar:/Users/yc00043/.m2/repository/javax/mail/mail/1.5.0-b01/mail-1.5.0-b01.jar:/Users/yc00043/.m2/repository/javax/activation/activation/1.1/activation-1.1.jar:/Users/yc00043/.m2/repository/org/jetbrains/kotlin/kotlin-reflect/1.3.50/kotlin-reflect-1.3.50.jar:/Users/yc00043/.m2/repository/au/com/dius/pact-jvm-core-support/4.0.2/pact-jvm-core-support-4.0.2.jar:/Users/yc00043/.m2/repository/org/antlr/antlr4/4.7.2/antlr4-4.7.2.jar:/Users/yc00043/.m2/repository/org/antlr/antlr4-runtime/4.7.2/antlr4-runtime-4.7.2.jar:/Users/yc00043/.m2/repository/org/antlr/antlr-runtime/3.5.2/antlr-runtime-3.5.2.jar:/Users/yc00043/.m2/repository/org/antlr/ST4/4.1/ST4-4.1.jar:/Users/yc00043/.m2/repository/org/abego/treelayout/org.abego.treelayout.core/1.0.3/org.abego.treelayout.core-1.0.3.jar:/Users/yc00043/.m2/repository/org/glassfish/javax.json/1.0.4/javax.json-1.0.4.jar:/Users/yc00043/.m2/repository/com/ibm/icu/icu4j/61.1/icu4j-61.1.jar:/Users/yc00043/.m2/repository/io/github/microutils/kotlin-logging/1.6.26/kotlin-logging-1.6.26.jar:/Users/yc00043/.m2/repository/io/github/microutils/kotlin-logging-common/1.6.26/kotlin-logging-common-1.6.26.jar:/Users/yc00043/.m2/repository/com/google/code/findbugs/jsr305/3.0.2/jsr305-3.0.2.jar:/Users/yc00043/.m2/repository/au/com/dius/pact-jvm-core-pact-broker/4.0.2/pact-jvm-core-pact-broker-4.0.2.jar:/Users/yc00043/.m2/repository/org/dmfs/rfc3986-uri/0.8/rfc3986-uri-0.8.jar:/Users/yc00043/.m2/repository/org/dmfs/iterators/1.5/iterators-1.5.jar:/Users/yc00043/.m2/repository/org/dmfs/optional/0.3/optional-0.3.jar:/Users/yc00043/.m2/repository/com/amazonaws/aws-java-sdk-s3/1.11.587/aws-java-sdk-s3-1.11.587.jar:/Users/yc00043/.m2/repository/com/amazonaws/aws-java-sdk-kms/1.11.587/aws-java-sdk-kms-1.11.587.jar:/Users/yc00043/.m2/repository/com/amazonaws/aws-java-sdk-core/1.11.587/aws-java-sdk-core-1.11.587.jar:/Users/yc00043/.m2/repository/software/amazon/ion/ion-java/1.0.2/ion-java-1.0.2.jar:/Users/yc00043/.m2/repository/com/fasterxml/jackson/dataformat/jackson-dataformat-cbor/2.10.0/jackson-dataformat-cbor-2.10.0.jar:/Users/yc00043/.m2/repository/joda-time/joda-time/2.10.4/joda-time-2.10.4.jar:/Users/yc00043/.m2/repository/com/amazonaws/jmespath-java/1.11.587/jmespath-java-1.11.587.jar:/Users/yc00043/.m2/repository/com/github/salomonbrys/kotson/kotson/2.5.0/kotson-2.5.0.jar:/Users/yc00043/.m2/repository/au/com/dius/pact-jvm-core-matchers/4.0.2/pact-jvm-core-matchers-4.0.2.jar:/Users/yc00043/.m2/repository/xerces/xercesImpl/2.9.1/xercesImpl-2.9.1.jar:/Users/yc00043/.m2/repository/xml-apis/xml-apis/1.3.04/xml-apis-1.3.04.jar:/Users/yc00043/.m2/repository/org/atteo/evo-inflector/1.2.2/evo-inflector-1.2.2.jar:/Users/yc00043/.m2/repository/io/ktor/ktor-server-netty/1.1.4/ktor-server-netty-1.1.4.jar:/Users/yc00043/.m2/repository/org/jetbrains/kotlin/kotlin-stdlib/1.3.50/kotlin-stdlib-1.3.50.jar:/Users/yc00043/.m2/repository/org/jetbrains/kotlin/kotlin-stdlib-common/1.3.50/kotlin-stdlib-common-1.3.50.jar:/Users/yc00043/.m2/repository/org/jetbrains/annotations/13.0/annotations-13.0.jar:/Users/yc00043/.m2/repository/org/jetbrains/kotlin/kotlin-stdlib-jdk7/1.3.50/kotlin-stdlib-jdk7-1.3.50.jar:/Users/yc00043/.m2/repository/org/jetbrains/kotlin/kotlin-stdlib-jdk8/1.3.50/kotlin-stdlib-jdk8-1.3.50.jar:/Users/yc00043/.m2/repository/org/jetbrains/kotlinx/atomicfu/0.12.3/atomicfu-0.12.3.jar:/Users/yc00043/.m2/repository/com/typesafe/config/1.3.1/config-1.3.1.jar:/Users/yc00043/.m2/repository/org/jetbrains/kotlinx/kotlinx-coroutines-jdk8/1.3.2/kotlinx-coroutines-jdk8-1.3.2.jar:/Users/yc00043/.m2/repository/org/jetbrains/kotlinx/kotlinx-coroutines-core/1.3.2/kotlinx-coroutines-core-1.3.2.jar:/Users/yc00043/.m2/repository/org/jetbrains/kotlinx/kotlinx-io-jvm/0.1.8/kotlinx-io-jvm-0.1.8.jar:/Users/yc00043/.m2/repository/org/jetbrains/kotlinx/atomicfu-common/0.12.3/atomicfu-common-0.12.3.jar:/Users/yc00043/.m2/repository/org/jetbrains/kotlinx/kotlinx-io/0.1.8/kotlinx-io-0.1.8.jar:/Users/yc00043/.m2/repository/org/jetbrains/kotlinx/kotlinx-coroutines-io-jvm/0.1.8/kotlinx-coroutines-io-jvm-0.1.8.jar:/Users/yc00043/.m2/repository/org/jetbrains/kotlinx/kotlinx-coroutines-core-common/1.3.2/kotlinx-coroutines-core-common-1.3.2.jar:/Users/yc00043/.m2/repository/org/jetbrains/kotlinx/kotlinx-coroutines-io/0.1.8/kotlinx-coroutines-io-0.1.8.jar:/Users/yc00043/.m2/repository/io/ktor/ktor-server-host-common/1.1.4/ktor-server-host-common-1.1.4.jar:/Users/yc00043/.m2/repository/io/ktor/ktor-server-core/1.1.4/ktor-server-core-1.1.4.jar:/Users/yc00043/.m2/repository/io/netty/netty-codec-http2/4.1.42.Final/netty-codec-http2-4.1.42.Final.jar:/Users/yc00043/.m2/repository/io/netty/netty-codec-http/4.1.42.Final/netty-codec-http-4.1.42.Final.jar:/Users/yc00043/.m2/repository/org/eclipse/jetty/alpn/alpn-api/1.1.3.v20160715/alpn-api-1.1.3.v20160715.jar:/Users/yc00043/.m2/repository/io/ktor/ktor-network-tls/1.1.4/ktor-network-tls-1.1.4.jar:/Users/yc00043/.m2/repository/io/ktor/ktor-network/1.1.4/ktor-network-1.1.4.jar:/Users/yc00043/.m2/repository/io/ktor/ktor-utils-jvm/1.1.4/ktor-utils-jvm-1.1.4.jar:/Users/yc00043/.m2/repository/io/ktor/ktor-http-cio/1.1.4/ktor-http-cio-1.1.4.jar:/Users/yc00043/.m2/repository/io/ktor/ktor-http-jvm/1.1.4/ktor-http-jvm-1.1.4.jar:/Users/yc00043/.m2/repository/junit/junit/4.12/junit-4.12.jar:/Users/yc00043/.m2/repository/org/hamcrest/hamcrest-core/2.1/hamcrest-core-2.1.jar:/Users/yc00043/.m2/repository/org/json/json/20160212/json-20160212.jar:/Users/yc00043/.m2/repository/org/assertj/assertj-core/3.14.0/assertj-core-3.14.0.jar:/Users/yc00043/.m2/repository/com/google/code/gson/gson/2.8.6/gson-2.8.6.jar:"/>
    <property name="sun.cpu.endian" value="little"/>
    <property name="user.home" value="/Users/yc00043"/>
    <property name="user.language" value="en"/>
    <property name="java.specification.vendor" value="Oracle Corporation"/>
    <property name="java.home" value="/Library/Java/JavaVirtualMachines/jdk1.8.0_161.jdk/Contents/Home/jre"/>
    <property name="basedir" value="/Users/yc00043/nexoqa/nexoqa_training_eng_adv_contract_testing_pact/consumer-service"/>
    <property name="file.separator" value="/"/>
    <property name="line.separator" value="&#10;"/>
    <property name="java.vm.specification.vendor" value="Oracle Corporation"/>
    <property name="java.specification.name" value="Java Platform API Specification"/>
    <property name="java.awt.graphicsenv" value="sun.awt.CGraphicsEnvironment"/>
    <property name="surefire.real.class.path" value="/Users/yc00043/nexoqa/nexoqa_training_eng_adv_contract_testing_pact/consumer-service/target/surefire/surefirebooter6680737403092253372.jar"/>
    <property name="sun.boot.class.path" value="/Library/Java/JavaVirtualMachines/jdk1.8.0_161.jdk/Contents/Home/jre/lib/resources.jar:/Library/Java/JavaVirtualMachines/jdk1.8.0_161.jdk/Contents/Home/jre/lib/rt.jar:/Library/Java/JavaVirtualMachines/jdk1.8.0_161.jdk/Contents/Home/jre/lib/sunrsasign.jar:/Library/Java/JavaVirtualMachines/jdk1.8.0_161.jdk/Contents/Home/jre/lib/jsse.jar:/Library/Java/JavaVirtualMachines/jdk1.8.0_161.jdk/Contents/Home/jre/lib/jce.jar:/Library/Java/JavaVirtualMachines/jdk1.8.0_161.jdk/Contents/Home/jre/lib/charsets.jar:/Library/Java/JavaVirtualMachines/jdk1.8.0_161.jdk/Contents/Home/jre/lib/jfr.jar:/Library/Java/JavaVirtualMachines/jdk1.8.0_161.jdk/Contents/Home/jre/classes"/>
    <property name="sun.management.compiler" value="HotSpot 64-Bit Tiered Compilers"/>
    <property name="java.runtime.version" value="1.8.0_161-b12"/>
    <property name="user.name" value="yc00043"/>
    <property name="path.separator" value=":"/>
    <property name="os.version" value="10.16"/>
    <property name="java.endorsed.dirs" value="/Library/Java/JavaVirtualMachines/jdk1.8.0_161.jdk/Contents/Home/jre/lib/endorsed"/>
    <property name="java.runtime.name" value="Java(TM) SE Runtime Environment"/>
    <property name="file.encoding" value="UTF-8"/>
    <property name="java.vm.name" value="Java HotSpot(TM) 64-Bit Server VM"/>
    <property name="localRepository" value="/Users/yc00043/.m2/repository"/>
    <property name="java.vendor.url.bug" value="http://bugreport.sun.com/bugreport/"/>
    <property name="java.io.tmpdir" value="/var/folders/hw/7fqszzxn2w5gwyzl1mwb7vz40000gp/T/"/>
    <property name="java.version" value="1.8.0_161"/>
    <property name="user.dir" value="/Users/yc00043/nexoqa/nexoqa_training_eng_adv_contract_testing_pact/consumer-service"/>
    <property name="os.arch" value="x86_64"/>
    <property name="java.vm.specification.name" value="Java Virtual Machine Specification"/>
    <property name="java.awt.printerjob" value="sun.lwawt.macosx.CPrinterJob"/>
    <property name="sun.os.patch.level" value="unknown"/>
    <property name="java.library.path" value="/Users/yc00043/Library/Java/Extensions:/Library/Java/Extensions:/Network/Library/Java/Extensions:/System/Library/Java/Extensions:/usr/lib/java:."/>
    <property name="java.vm.info" value="mixed mode"/>
    <property name="java.vendor" value="Oracle Corporation"/>
    <property name="java.vm.version" value="25.161-b12"/>
    <property name="java.ext.dirs" value="/Users/yc00043/Library/Java/Extensions:/Library/Java/JavaVirtualMachines/jdk1.8.0_161.jdk/Contents/Home/jre/lib/ext:/Library/Java/Extensions:/Network/Library/Java/Extensions:/System/Library/Java/Extensions:/usr/lib/java"/>
    <property name="sun.io.unicode.encoding" value="UnicodeBig"/>
    <property name="java.class.version" value="52.0"/>
    <property name="pact.rootDir" value="target/pacts"/>
  </properties>
  <testcase name="runSubscribePactTest" classname="com.nexoqa.pact.PactConsumerContractTest" time="1.765"/>
  <testcase name="runUpdatePactTest" classname="com.nexoqa.pact.PactConsumerContractTest" time="0.212"/>
  <testcase name="runUnSubscribePactTest" classname="com.nexoqa.pact.PactConsumerContractTest" time="0.146"/>
  <testcase name="runUpdateSubscriptionFailPactTest" classname="com.nexoqa.pact.PactConsumerContractTest" time="0.144"/>
  <testcase name="runUnSubscribeFailPactTest" classname="com.nexoqa.pact.PactConsumerContractTest" time="0.128"/>
</testsuite>